{"name": "test_register[初始化成功]", "status": "failed", "statusDetails": {"message": "pytest_assume.plugin.FailedAssumption: \nOriginal Failure:\n\n>> TypeError(\"'bool' object is not subscriptable\")\n\n2 Failed Assumptions:\n\ncore/client.py:280: AssumptionFailure\n>>\twith pytest.assume:\nAssertionError:  $.activejson值不存在\n\ncore/client.py:294: AssumptionFailure\n>>\twith pytest.assume:\nAssertionError: 响应内容错误：实际结果None, 预期结果True", "trace": "rq = <function rq.<locals>._rq at 0x10b8e97e0>\nvalue = {'api_name': 'register', 'assertion': {'active': True}, 'data': {'email': '$<mobile>', 'password': '$<code>', 'pending': 123, 'teamname': 'TestTeam', ...}, 'get': {'code': 'code', 'mobile': 'mobile'}, ...}\n\n    @allure.story(\"初始化\")\n    @pytest.mark.dependency(name=\"register\")\n    def test_register(rq, value):\n>       rq(value)\n\ncase/TestAccount.py:26: \n_ _ _ _ _ _ _ _ _ _ _ _ _ _ _ _ _ _ _ _ _ _ _ _ _ _ _ _ _ _ _ _ _ _ _ _ _ _ _ _ _ _ _ _ _ _ _ _ _ _ _ _ _ _ _ _ _ _ _ _ _ _ _ _ _ _ _ _ _ _ _ _ _ _\ncase/conftest.py:62: in _rq\n    save_values(need_set, client)\ncase/conftest.py:80: in save_values\n    set_value(key, client.res_to_json_path(path))\n_ _ _ _ _ _ _ _ _ _ _ _ _ _ _ _ _ _ _ _ _ _ _ _ _ _ _ _ _ _ _ _ _ _ _ _ _ _ _ _ _ _ _ _ _ _ _ _ _ _ _ _ _ _ _ _ _ _ _ _ _ _ _ _ _ _ _ _ _ _ _ _ _ _\n\nself = <core.client.HttpClient object at 0x10b808ee0>, path = '$.id', index = 0\n\n    def res_to_json_path(self, path, index=0):\n        if isinstance(path, list):\n            path, index = path\n        a = self.res_to_json_object()\n        if a is not None:\n>           return jsonpath.jsonpath(a, path)[index]\nE           pytest_assume.plugin.FailedAssumption: \nE           Original Failure:\nE           \nE           >> TypeError(\"'bool' object is not subscriptable\")\nE           \nE           2 Failed Assumptions:\nE           \nE           core/client.py:280: AssumptionFailure\nE           >>\twith pytest.assume:\nE           AssertionError:  $.activejson值不存在\nE           \nE           core/client.py:294: AssumptionFailure\nE           >>\twith pytest.assume:\nE           AssertionError: 响应内容错误：实际结果None, 预期结果True\n\ncore/client.py:233: FailedAssumption"}, "steps": [{"name": "post请求接口", "status": "passed", "attachments": [{"name": "请求地址", "source": "b51421ac-80dd-4c79-9ea7-3985f0a80643-attachment.attach"}, {"name": "请求头", "source": "d0289210-305b-49a7-8d01-adc881a998cf-attachment.attach"}, {"name": "请求参数", "source": "5aace242-3d34-4f60-a27d-6a5fdc69ca90-attachment.json", "type": "application/json"}, {"name": "响应状态码", "source": "f9ad1401-7759-48e4-bef6-01e4b95d22ad-attachment.attach"}, {"name": "响应时间", "source": "4c380deb-80cf-4d7a-be59-683067aa538e-attachment.attach"}, {"name": "响应内容", "source": "014eeb49-1f62-4486-8fef-a30b5d677227-attachment.json", "type": "application/json"}], "start": 1642941172834, "stop": 1642941172835}, {"name": "返回值断言", "status": "passed", "attachments": [{"name": "active", "source": "33b4bedc-a8a8-4378-816e-6f419351de66-attachment.attach"}], "start": 1642941172838, "stop": 1642941172843}], "parameters": [{"name": "value", "value": "{'api_name': 'register', 'data': {'teamname': 'TestTeam', 'username': 'TestUser', 'email': '$<mobile>', 'password': '$<code>', 'user_from': 'lanhu', 'pending': 123}, 'info': '初始化成功', 'get': {'mobile': 'mobile', 'code': 'code'}, 'assertion': {'active': True}, 'set': {'cookie': 'cookie', 'user_id': '$.id', 'to_team_id': '$.teams[0].id'}}"}], "start": 1642941172723, "stop": 1642941172843, "uuid": "2c7fec3d-27d0-44d3-a75a-9078580dd353", "historyId": "b0190b4782b3afceb725eedbbea45ee7", "testCaseId": "87f8d6257939d302bfc016b35acb9143", "fullName": "case.TestAccount#test_register", "labels": [{"name": "story", "value": "初始化"}, {"name": "tag", "value": "dependency(name='register')"}, {"name": "parentSuite", "value": "case"}, {"name": "suite", "value": "TestAccount"}, {"name": "host", "value": "192.168.1.6"}, {"name": "thread", "value": "32075-MainThread"}, {"name": "framework", "value": "pytest"}, {"name": "language", "value": "cpython3"}, {"name": "package", "value": "case.TestAccount"}]}