{"name": "test_register[初始化成功]", "status": "failed", "statusDetails": {"message": "pytest_assume.plugin.FailedAssumption: \nOriginal Failure:\n\n>> TypeError(\"'bool' object is not subscriptable\")\n\n2 Failed Assumptions:\n\ncore/client.py:280: AssumptionFailure\n>>\twith pytest.assume:\nAssertionError:  $.activejson值不存在\n\ncore/client.py:294: AssumptionFailure\n>>\twith pytest.assume:\nAssertionError: 响应内容错误：实际结果None, 预期结果True", "trace": "rq = <function rq.<locals>._rq at 0x10b8e9900>\nvalue = {'api_name': 'register', 'assertion': {'active': True}, 'data': {'email': '$<mobile>', 'password': '$<code>', 'pending': 123, 'teamname': 'TestTeam', ...}, 'get': {'code': 'code', 'mobile': 'mobile'}, ...}\n\n    @allure.story(\"初始化\")\n    @pytest.mark.dependency(name=\"register\")\n    def test_register(rq, value):\n>       rq(value)\n\ncase/TestAccount.py:26: \n_ _ _ _ _ _ _ _ _ _ _ _ _ _ _ _ _ _ _ _ _ _ _ _ _ _ _ _ _ _ _ _ _ _ _ _ _ _ _ _ _ _ _ _ _ _ _ _ _ _ _ _ _ _ _ _ _ _ _ _ _ _ _ _ _ _ _ _ _ _ _ _ _ _\ncase/conftest.py:62: in _rq\n    save_values(need_set, client)\ncase/conftest.py:80: in save_values\n    set_value(key, client.res_to_json_path(path))\n_ _ _ _ _ _ _ _ _ _ _ _ _ _ _ _ _ _ _ _ _ _ _ _ _ _ _ _ _ _ _ _ _ _ _ _ _ _ _ _ _ _ _ _ _ _ _ _ _ _ _ _ _ _ _ _ _ _ _ _ _ _ _ _ _ _ _ _ _ _ _ _ _ _\n\nself = <core.client.HttpClient object at 0x10b809240>, path = '$.id', index = 0\n\n    def res_to_json_path(self, path, index=0):\n        if isinstance(path, list):\n            path, index = path\n        a = self.res_to_json_object()\n        if a is not None:\n>           return jsonpath.jsonpath(a, path)[index]\nE           pytest_assume.plugin.FailedAssumption: \nE           Original Failure:\nE           \nE           >> TypeError(\"'bool' object is not subscriptable\")\nE           \nE           2 Failed Assumptions:\nE           \nE           core/client.py:280: AssumptionFailure\nE           >>\twith pytest.assume:\nE           AssertionError:  $.activejson值不存在\nE           \nE           core/client.py:294: AssumptionFailure\nE           >>\twith pytest.assume:\nE           AssertionError: 响应内容错误：实际结果None, 预期结果True\n\ncore/client.py:233: FailedAssumption"}, "steps": [{"name": "post请求接口", "status": "passed", "attachments": [{"name": "请求地址", "source": "da84e731-9900-4dee-8dff-99776b536d75-attachment.attach"}, {"name": "请求头", "source": "f087a6e9-d992-499b-b574-dc3bcee81155-attachment.attach"}, {"name": "请求参数", "source": "e7089c1e-c1eb-4dbc-be69-3b80bc6ae0b5-attachment.json", "type": "application/json"}, {"name": "响应状态码", "source": "4891bce5-436d-4e20-b7f7-00d747f25985-attachment.attach"}, {"name": "响应时间", "source": "429b9227-61da-483d-ae2f-79b91fb99450-attachment.attach"}, {"name": "响应内容", "source": "4e9275be-f8df-4297-a3fa-1a715a68c97a-attachment.json", "type": "application/json"}], "start": 1642941172629, "stop": 1642941172632}, {"name": "返回值断言", "status": "passed", "attachments": [{"name": "active", "source": "d718c546-80df-4002-b24e-b7ed34746b79-attachment.attach"}], "start": 1642941172635, "stop": 1642941172640}], "parameters": [{"name": "value", "value": "{'api_name': 'register', 'data': {'teamname': 'TestTeam', 'username': 'TestUser', 'email': '$<mobile>', 'password': '$<code>', 'user_from': 'lanhu', 'pending': 123}, 'info': '初始化成功', 'get': {'mobile': 'mobile', 'code': 'code'}, 'assertion': {'active': True}, 'set': {'cookie': 'cookie', 'user_id': '$.id', 'to_team_id': '$.teams[0].id'}}"}], "start": 1642941172511, "stop": 1642941172640, "uuid": "658528a4-64f2-4026-99a8-b44295d6cf7a", "historyId": "b0190b4782b3afceb725eedbbea45ee7", "testCaseId": "87f8d6257939d302bfc016b35acb9143", "fullName": "case.TestAccount#test_register", "labels": [{"name": "story", "value": "初始化"}, {"name": "tag", "value": "dependency(name='register')"}, {"name": "parentSuite", "value": "case"}, {"name": "suite", "value": "TestAccount"}, {"name": "host", "value": "192.168.1.6"}, {"name": "thread", "value": "32075-MainThread"}, {"name": "framework", "value": "pytest"}, {"name": "language", "value": "cpython3"}, {"name": "package", "value": "case.TestAccount"}]}